<?xml version="1.0" encoding="utf-8" standalone="no"?>
<test-results xmlns:xsi="http://www.w3.org/2001/XMLSchema-instance" xsi:noNamespaceSchemaLocation="nunit_schema_2.5.xsd" name="Pester" total="1" errors="0" failures="0" not-run="0" inconclusive="0" ignored="0" skipped="0" invalid="0" date="2026-03-12" time="14:33:45">
  <environment platform="Linux" clr-version="8.0.21" user="runner" user-domain="" cwd="/home/runner/work/SupportTools/SupportTools" os-version="6.14.0-1017-azure" machine-name="runnervm0kj6c" nunit-version="2.5.8.0" />
  <culture-info current-culture="" current-uiculture="" />
  <test-suite type="TestFixture" name="Pester" executed="True" result="Success" success="True" time="0.8889" asserts="0" description="Pester">
    <results>
      <test-suite type="TestFixture" name="/home/runner/work/SupportTools/SupportTools/Scripts/Tests/Invoke-DailySettlementProcessing.Tests.ps1" executed="True" result="Success" success="True" time="0.8889" asserts="0" description="/home/runner/work/SupportTools/SupportTools/Scripts/Tests/Invoke-DailySettlementProcessing.Tests.ps1">
        <results>
          <test-suite type="TestFixture" name="Invoke-DailySettlementProcessing.ps1" executed="True" result="Success" success="True" time="0.5516" asserts="0" description="Invoke-DailySettlementProcessing.ps1">
            <results>
              <test-case description="gets merchants and posts a settlement for each merchant returned" name="Invoke-DailySettlementProcessing.ps1.gets merchants and posts a settlement for each merchant returned" time="0.5155" asserts="0" success="True" result="Success" executed="True" />
            </results>
          </test-suite>
        </results>
      </test-suite>
    </results>
  </test-suite>
</test-results>